<?xml version="1.0" encoding="UTF-8"?>
<!-- Generated by org.testng.reporters.JUnitReportReporter -->
<testsuite skipped="0" hostname="DESKTOP-UNOIIMH" name="allModuleTestCases.Home" tests="1" failures="0" timestamp="20 Nov 2018 12:28:12 GMT" time="15.904" errors="0">
  <testcase name="home" time="15.904" classname="allModuleTestCases.Home"/>
</testsuite> <!-- allModuleTestCases.Home -->
