<?xml version="1.0" encoding="UTF-8"?>
<!-- Generated by org.testng.reporters.JUnitReportReporter -->
<testsuite skipped="0" hostname="DESKTOP-PJ3QETV" name="allModuleTestCases.About" tests="1" failures="0" timestamp="30 Dec 2018 15:00:12 GMT" time="12.027" errors="0">
  <testcase name="contact" time="12.027" classname="allModuleTestCases.About"/>
</testsuite> <!-- allModuleTestCases.About -->
